c:\users\sqrtb\desktop\visual\u\gui dx v.2017\release\vc141.pdb
c:\users\sqrtb\desktop\visual\u\gui dx v.2017\release\main.obj
c:\users\sqrtb\desktop\visual\u\gui dx v.2017\release\crender.obj
c:\users\sqrtb\desktop\visual\u\gui dx v.2017\release\cmenu.obj
c:\users\sqrtb\desktop\visual\u\gui dx v.2017\release\trampoline.obj
c:\users\sqrtb\desktop\visual\u\gui dx v.2017\release\hook.obj
c:\users\sqrtb\desktop\visual\u\gui dx v.2017\release\hde64.obj
c:\users\sqrtb\desktop\visual\u\gui dx v.2017\release\hde32.obj
c:\users\sqrtb\desktop\visual\u\gui dx v.2017\release\buffer.obj
c:\users\sqrtb\desktop\visual\u\gui dx v.2017\release\strlib.obj
c:\users\sqrtb\desktop\visual\u\gui dx v.2017\release\configoption.obj
c:\users\sqrtb\desktop\visual\u\gui dx v.2017\release\configfile.obj
c:\users\sqrtb\desktop\visual\u\gui dx v.2017\release\source.obj
c:\users\sqrtb\desktop\visual\u\release\frm.ipdb
c:\users\sqrtb\desktop\visual\u\release\frm.iobj
c:\users\sqrtb\desktop\visual\u\release\frm.dll
c:\users\sqrtb\desktop\visual\u\gui dx v.2017\release\d3d9 menu.tlog\cl.command.1.tlog
c:\users\sqrtb\desktop\visual\u\gui dx v.2017\release\d3d9 menu.tlog\cl.read.1.tlog
c:\users\sqrtb\desktop\visual\u\gui dx v.2017\release\d3d9 menu.tlog\cl.write.1.tlog
c:\users\sqrtb\desktop\visual\u\gui dx v.2017\release\d3d9 menu.tlog\d3d9 menu.write.1u.tlog
c:\users\sqrtb\desktop\visual\u\gui dx v.2017\release\d3d9 menu.tlog\link.command.1.tlog
c:\users\sqrtb\desktop\visual\u\gui dx v.2017\release\d3d9 menu.tlog\link.read.1.tlog
c:\users\sqrtb\desktop\visual\u\gui dx v.2017\release\d3d9 menu.tlog\link.write.1.tlog
